<?xml version="1.0" encoding="UTF-8"?>
<act xmlns="http://ftn.uns.ac.rs/xml"
     xmlns:xsi="http://www.w3.org/2001/XMLSchema-instance"
     title="PRAVILNIK O NAČINU I POSTUPKU DODELE SREDSTAVA IZ BUDžETA GRADA NOVOG SADA ZA PROGRAME SPORTSKIH UDRUŽENjA NA TERITORIJI GRADA NOVOG SADA" 
     country="SRBIJA" 
     region="AUTONOMNA POKRAJNA VOJVODINA" 
     establishment="GRADSKO VEĆE GRADA NOVOG SADA" 
     serial="6-19/2015-723-II" 
     date="2011-12-31"
     city="NOVI SAD">

</act>
